<?xml version="1.0" encoding="UTF-8"?>
<!-- Generated by org.testng.reporters.JUnitReportReporter -->
<testsuite skipped="0" hostname="TH1972" name="TestCases.APITest" tests="2" failures="0" timestamp="2019-03-10T17:30:04 IST" time="0.006" errors="0">
  <testcase name="ELEMENTTest" time="0.000" classname="TestCases.APITest"/>
  <testcase name="APIiTest" time="0.006" classname="TestCases.APITest"/>
</testsuite> <!-- TestCases.APITest -->
