<?xml version="1.0" encoding="UTF-8"?>
<!-- Generated by org.testng.reporters.JUnitReportReporter -->
<testsuite skipped="0" hostname="TH1972" name="TestCases.RestassuresdTest" tests="2" failures="0" timestamp="2019-03-10T17:30:04 IST" time="0.000" errors="0">
  <testcase name="DELETETWITTERTest" time="0.000" classname="TestCases.RestassuresdTest"/>
  <testcase name="RestassureTest" time="0.000" classname="TestCases.RestassuresdTest"/>
</testsuite> <!-- TestCases.RestassuresdTest -->
