<?xml version="1.0" encoding="UTF-8"?>
<!-- Generated by org.testng.reporters.JUnitReportReporter -->
<testsuite skipped="0" hostname="TH1972" name="TestCases.SeleniumTest" tests="2" failures="0" timestamp="2019-03-10T17:30:04 IST" time="0.000" errors="0">
  <testcase name="IOSTest" time="0.000" classname="TestCases.SeleniumTest"/>
  <testcase name="SeleniuumTest" time="0.000" classname="TestCases.SeleniumTest"/>
</testsuite> <!-- TestCases.SeleniumTest -->
